2017-04-06 12:01:11,665 - INFO - Starting ETA...
2017-04-06 12:01:13,954 - DEBUG - Fetched  12 issues successfully for ETA
2017-04-06 12:01:13,967 - ERROR - Error occured: <class 'RuntimeError'>
2017-04-06 12:01:14,480 - ERROR - Error occured: <class 'RuntimeError'>
2017-04-06 12:01:14,989 - ERROR - Error occured: <class 'RuntimeError'>
2017-04-06 12:03:03,418 - INFO - Starting ETA...
2017-04-06 12:03:05,609 - DEBUG - Fetched  12 issues successfully for ETA
2017-04-06 12:03:05,623 - ERROR - Error occured: <class 'RuntimeError'>
2017-04-06 12:03:06,134 - ERROR - Error occured: <class 'RuntimeError'>
2017-04-06 12:03:06,644 - ERROR - Error occured: <class 'RuntimeError'>
2017-04-06 12:08:06,852 - INFO - Starting SE...
2017-04-06 12:08:20,467 - ERROR - Error occured: <class 'KeyboardInterrupt'>
2017-04-06 12:09:00,371 - INFO - Starting SE...
2017-04-06 12:09:54,449 - DEBUG - Fetched  573 issues successfully for SE
2017-04-06 12:12:38,162 - ERROR - Error occured: <class 'KeyboardInterrupt'>
2017-04-06 12:14:04,604 - INFO - Starting SE...
2017-04-06 12:18:20,881 - INFO - Starting SE...
2017-04-06 12:18:23,701 - ERROR - Error occured: <class 'KeyboardInterrupt'>
2017-04-06 12:18:45,292 - INFO - Starting SE...
2017-04-06 12:20:23,621 - ERROR - Error occured: <class 'KeyboardInterrupt'>
2017-04-06 12:20:32,420 - INFO - Starting ETA...
2017-04-06 12:20:34,569 - DEBUG - Fetched  12 issues successfully for ETA
2017-04-06 12:20:34,580 - INFO - Successfully posted data to splunk for ETA
2017-04-06 12:20:34,580 - DEBUG - Project ETA results {'ETA': 200, 'defects_require_fixing': '0'}
2017-04-06 12:20:34,580 - INFO - Took 2.159446954727173 seconds
2017-04-06 12:56:44,323 - INFO - Starting SE...
2017-04-06 12:57:40,115 - DEBUG - Fetched  573 issues successfully for SE
2017-04-06 12:57:40,207 - INFO - Successfully posted data to splunk for SE
2017-04-06 12:57:40,208 - DEBUG - Project SE results {'SE': 200, 'defects_require_fixing': '0'}
2017-04-06 12:57:40,208 - INFO - Took 55.88500714302063 seconds
2017-04-06 13:40:03,886 - ERROR - Error occured: <class 'KeyboardInterrupt'>
2017-04-06 14:21:47,024 - INFO - Starting ETA...
2017-04-06 14:21:49,262 - DEBUG - Fetched  12 issues successfully for ETA
2017-04-06 14:21:49,273 - INFO - Successfully posted data to splunk for ETA
2017-04-06 14:21:49,274 - DEBUG - Project ETA results {'ETA': 200, 'defects_require_fixing': '0'}
2017-04-06 14:21:49,274 - INFO - Took 2.249234914779663 seconds
2017-04-06 14:26:02,598 - INFO - Starting ETA...
2017-04-06 14:26:04,808 - DEBUG - Fetched  12 issues successfully for ETA
2017-04-06 14:26:04,818 - INFO - Successfully posted data to splunk for ETA
2017-04-06 14:26:04,819 - DEBUG - Project ETA results {'ETA': 200, 'defects_require_fixing': '0'}
2017-04-06 14:26:04,819 - INFO - Took 2.2204809188842773 seconds
2017-04-06 14:26:21,441 - INFO - Starting ETA...
2017-04-06 14:26:39,131 - INFO - Starting ETA...
2017-04-06 14:26:41,269 - DEBUG - Fetched  12 issues successfully for ETA
2017-04-06 14:26:41,277 - INFO - Successfully posted data to splunk for ETA
2017-04-06 14:26:41,278 - DEBUG - Project ETA results {'defects_require_fixing': '0', 'ETA': 200}
2017-04-06 14:26:41,278 - INFO - Took 2.1468679904937744 seconds
2017-04-06 14:27:27,207 - INFO - Starting ETA...
2017-04-06 14:27:29,290 - DEBUG - Fetched  12 issues successfully for ETA
2017-04-06 14:27:29,299 - INFO - Successfully posted data to splunk for ETA
2017-04-06 14:27:29,299 - DEBUG - Project ETA results {'ETA': 200, 'defects_require_fixing': '0'}
2017-04-06 14:27:29,299 - INFO - Took 2.0923268795013428 seconds
2017-04-06 14:27:58,488 - INFO - Starting ETA...
2017-04-06 14:28:00,556 - DEBUG - Fetched  12 issues successfully for ETA
2017-04-06 14:28:00,564 - INFO - Successfully posted data to splunk for ETA
2017-04-06 14:28:00,565 - DEBUG - Project ETA results {'ETA': 200, 'defects_require_fixing': '0'}
2017-04-06 14:28:00,565 - INFO - Took 2.0762479305267334 seconds
2017-04-06 14:28:49,833 - INFO - Starting ETA...
2017-04-06 14:28:51,917 - DEBUG - Fetched  12 issues successfully for ETA
2017-04-06 14:28:51,925 - INFO - Successfully posted data to splunk for ETA
2017-04-06 14:28:51,925 - DEBUG - Project ETA results {'defects_require_fixing': '0', 'ETA': 200}
2017-04-06 14:28:51,925 - INFO - Took 2.0918140411376953 seconds
2017-04-06 14:29:39,414 - INFO - Starting ETA...
2017-04-06 14:29:41,503 - DEBUG - Fetched  12 issues successfully for ETA
2017-04-06 14:29:41,511 - INFO - Successfully posted data to splunk for ETA
2017-04-06 14:29:41,512 - DEBUG - Project ETA results {'ETA': 200, 'defects_require_fixing': '0'}
2017-04-06 14:29:41,512 - INFO - Took 2.0978200435638428 seconds
2017-04-06 14:30:24,773 - INFO - Starting ETA...
2017-04-06 14:30:27,047 - DEBUG - Fetched  12 issues successfully for ETA
2017-04-06 14:30:27,055 - INFO - Successfully posted data to splunk for ETA
2017-04-06 14:30:27,056 - DEBUG - Project ETA results {'ETA': 200, 'defects_require_fixing': '0'}
2017-04-06 14:30:27,056 - INFO - Took 2.2823801040649414 seconds
2017-04-06 14:30:47,941 - INFO - Starting ETA...
2017-04-06 14:30:50,013 - DEBUG - Fetched  12 issues successfully for ETA
2017-04-06 14:30:50,021 - INFO - Successfully posted data to splunk for ETA
2017-04-06 14:30:50,022 - DEBUG - Project ETA results {'defects_require_fixing': '0', 'ETA': 200}
2017-04-06 14:30:50,022 - INFO - Took 2.080843925476074 seconds
2017-04-06 14:31:09,928 - INFO - Starting ETA...
2017-04-06 14:31:12,088 - DEBUG - Fetched  12 issues successfully for ETA
2017-04-06 14:31:12,096 - INFO - Successfully posted data to splunk for ETA
2017-04-06 14:31:12,096 - DEBUG - Project ETA results {'ETA': 200, 'defects_require_fixing': '0'}
2017-04-06 14:31:12,096 - INFO - Took 2.168282985687256 seconds
2017-04-06 14:32:20,471 - INFO - Starting ETA...
2017-04-06 14:32:22,656 - DEBUG - Fetched  12 issues successfully for ETA
2017-04-06 14:32:22,692 - INFO - Successfully posted data to splunk for ETA
2017-04-06 14:32:22,693 - DEBUG - Project ETA results {'ETA': 200, 'defects_require_fixing': '0'}
2017-04-06 14:32:22,693 - INFO - Took 2.2221460342407227 seconds
2017-04-06 14:39:47,045 - INFO - Starting SE...
2017-04-06 14:40:44,829 - DEBUG - Fetched  573 issues successfully for SE
2017-04-06 14:40:44,918 - INFO - Successfully posted data to splunk for SE
2017-04-06 14:40:44,918 - DEBUG - Project SE results {'SE': 200, 'defects_require_fixing': '0'}
2017-04-06 14:40:44,918 - INFO - Took 57.87299609184265 seconds
2017-04-06 14:52:46,328 - INFO - Starting ETA...
2017-04-06 14:54:18,073 - INFO - Starting ETA...
2017-04-06 14:54:42,643 - INFO - Starting ETA...
2017-04-06 14:54:44,881 - DEBUG - Fetched  12 issues successfully for ETA
2017-04-06 14:54:44,889 - INFO - Successfully posted data to splunk for ETA
2017-04-06 14:54:44,889 - DEBUG - Project ETA results {'ETA': 200, 'defects_require_fixing': '0'}
2017-04-06 14:54:44,889 - INFO - Took 2.246659994125366 seconds
2017-04-06 14:55:17,231 - INFO - Starting ETA...
2017-04-06 14:55:19,270 - DEBUG - Fetched  12 issues successfully for ETA
2017-04-06 14:55:19,279 - INFO - Successfully posted data to splunk for ETA
2017-04-06 14:55:19,279 - DEBUG - Project ETA results {'ETA': 200, 'defects_require_fixing': '0'}
2017-04-06 14:55:19,279 - INFO - Took 2.047529935836792 seconds
2017-04-06 14:55:54,637 - INFO - Starting ETA...
2017-04-06 14:55:56,923 - DEBUG - Fetched  12 issues successfully for ETA
2017-04-06 14:55:56,932 - INFO - Successfully posted data to splunk for ETA
2017-04-06 14:55:56,933 - DEBUG - Project ETA results {'defects_require_fixing': '0', 'ETA': 200}
2017-04-06 14:55:56,933 - INFO - Took 2.2959179878234863 seconds
2017-04-06 15:21:08,327 - INFO - Starting SE...
2017-04-06 15:22:04,165 - DEBUG - Fetched  573 issues successfully for SE
2017-04-06 15:22:38,427 - INFO - Starting SE...
2017-04-06 15:23:32,048 - DEBUG - Fetched  573 issues successfully for SE
2017-04-06 15:23:32,159 - INFO - Successfully posted data to splunk for SE
2017-04-06 15:23:32,159 - DEBUG - Project SE results {'SE': 200, 'defects_require_fixing': '0'}
2017-04-06 15:23:32,159 - INFO - Took 53.73203492164612 seconds
2017-04-06 15:31:49,175 - INFO - Starting SE...
2017-04-06 15:32:43,118 - DEBUG - Fetched  573 issues successfully for SE
2017-04-06 15:33:41,752 - INFO - Starting SE...
2017-04-06 15:34:36,414 - DEBUG - Fetched  573 issues successfully for SE
2017-04-06 15:35:36,648 - INFO - Starting SE...
2017-04-06 15:36:31,205 - DEBUG - Fetched  573 issues successfully for SE
2017-04-06 15:40:42,439 - INFO - Starting SE...
2017-04-06 15:41:37,011 - DEBUG - Fetched  573 issues successfully for SE
2017-04-06 15:42:04,347 - INFO - Starting SE...
2017-04-06 15:42:57,972 - DEBUG - Fetched  573 issues successfully for SE
2017-04-06 15:42:58,104 - INFO - Successfully posted data to splunk for SE
2017-04-06 15:42:58,104 - DEBUG - Project SE results {'SE': 200, 'defects_require_fixing': '0'}
2017-04-06 15:42:58,104 - INFO - Took 53.7564959526062 seconds
2017-04-06 15:43:56,897 - INFO - Starting SE...
2017-04-06 15:44:53,998 - DEBUG - Fetched  573 issues successfully for SE
2017-04-06 15:45:12,559 - INFO - Starting SE...
2017-04-06 15:46:07,869 - DEBUG - Fetched  573 issues successfully for SE
2017-04-06 15:46:08,021 - INFO - Successfully posted data to splunk for SE
2017-04-06 15:46:08,021 - DEBUG - Project SE results {'defects_require_fixing': '0', 'SE': 200}
2017-04-06 15:46:08,022 - INFO - Took 55.46201777458191 seconds
2017-04-07 10:46:47,921 - INFO - Starting SE...
2017-04-07 10:47:46,814 - DEBUG - Fetched  573 issues successfully for SE
2017-04-07 10:47:46,925 - INFO - Successfully posted data to splunk for SE
2017-04-07 10:47:46,925 - DEBUG - Project SE results {'SE': 200, 'defects_require_fixing': '0'}
2017-04-07 10:47:46,926 - INFO - Took 59.00459814071655 seconds
2017-04-07 10:49:45,666 - INFO - Starting SE...
2017-04-07 10:50:42,644 - DEBUG - Fetched  573 issues successfully for SE
2017-04-07 10:50:42,762 - INFO - Successfully posted data to splunk for SE
2017-04-07 10:50:42,762 - DEBUG - Project SE results {'SE': 200, 'defects_require_fixing': '0'}
2017-04-07 10:50:42,763 - INFO - Took 57.0965371131897 seconds
2017-04-07 13:22:17,982 - INFO - Starting SE...
2017-04-07 13:23:16,206 - DEBUG - Fetched  573 issues successfully for SE
2017-04-07 13:23:16,383 - INFO - Successfully posted data to splunk for SE
2017-04-07 13:23:16,494 - DEBUG - Project SE results [{'SE': 200, 'defects_require_fixing': '0'}]
2017-04-07 13:23:16,507 - INFO - Starting DCXOSLINUX...
2017-04-07 13:23:16,508 - INFO - Starting DCXOSWIN...
2017-04-07 13:23:16,507 - INFO - Starting BPI...
2017-04-07 13:23:16,508 - INFO - Starting DCXPS...
2017-04-07 13:23:16,508 - INFO - Starting DCXSERVICE...
2017-04-07 13:23:16,508 - INFO - Starting NSDCX...
2017-04-07 13:23:16,508 - INFO - Starting NWT...
2017-04-07 13:23:58,670 - INFO - Starting SE...
2017-04-07 13:24:54,013 - DEBUG - Fetched  573 issues successfully for SE
2017-04-07 13:24:54,102 - INFO - Successfully posted data to splunk for SE
2017-04-07 13:24:54,102 - DEBUG - Project SE results {'defects_require_fixing': '0', 'SE': 200}
2017-04-07 13:24:54,102 - INFO - Took 55.432491064071655 seconds
2017-04-10 11:02:54,552 - INFO - Starting se...
2017-04-10 11:03:53,404 - DEBUG - Fetched  574 issues successfully for se
2017-04-10 11:03:53,504 - INFO - Successfully posted data to splunk for se
2017-04-10 11:03:53,504 - DEBUG - Project se results {'se': 200, 'defects_require_fixing': '0'}
2017-04-10 11:03:53,504 - INFO - Took 58.951889991760254 seconds
2017-04-11 08:05:58,779 - INFO - Starting se...
2017-04-11 08:06:58,435 - DEBUG - Fetched  574 issues successfully for se
2017-04-11 08:54:46,445 - INFO - Starting ETA...
2017-04-11 08:54:48,605 - DEBUG - Fetched  12 issues successfully for ETA
2017-04-11 08:56:55,321 - INFO - Starting ETA...
2017-04-11 08:56:57,487 - DEBUG - Fetched  12 issues successfully for ETA
2017-04-11 08:59:05,980 - INFO - Starting ETA...
2017-04-11 08:59:08,123 - DEBUG - Fetched  12 issues successfully for ETA
2017-04-11 09:01:07,483 - INFO - Starting ETA...
2017-04-11 09:01:09,876 - DEBUG - Fetched  12 issues successfully for ETA
2017-04-11 09:01:09,889 - INFO - Successfully posted data to splunk for ETA
2017-04-11 09:01:09,889 - DEBUG - Project ETA results {'ETA': 200, 'defects_require_fixing': '0'}
2017-04-11 09:01:09,889 - INFO - Took 2.4064888954162598 seconds
2017-04-11 09:02:21,045 - INFO - Starting SE...
2017-04-11 09:03:17,719 - DEBUG - Fetched  574 issues successfully for SE
2017-04-11 09:03:17,806 - INFO - Successfully posted data to splunk for SE
2017-04-11 09:03:17,806 - DEBUG - Project SE results {'defects_require_fixing': '0', 'SE': 200}
2017-04-11 09:03:17,806 - INFO - Took 56.76070499420166 seconds
2017-04-11 09:22:51,419 - INFO - Starting SE...
2017-04-11 09:23:49,211 - DEBUG - Fetched  574 issues successfully for SE
2017-04-11 09:23:49,315 - INFO - Successfully posted data to splunk for SE
2017-04-11 09:23:49,316 - DEBUG - Project SE results {'SE': 200, 'defects_require_fixing': '0'}
2017-04-11 09:23:49,316 - INFO - Took 57.8968300819397 seconds
2017-04-11 19:07:14,297 - INFO - Starting SE...
2017-04-11 19:08:09,976 - DEBUG - Fetched  574 issues successfully for SE
2017-04-11 19:08:10,070 - INFO - Successfully posted data to splunk for SE
2017-04-11 19:08:10,070 - DEBUG - Project SE results {'defects_require_fixing': '0', 'SE': 200}
2017-04-11 19:08:10,070 - INFO - Took 55.773317098617554 seconds
2017-04-12 09:07:31,612 - INFO - Starting Rackertools...
2017-04-12 09:07:32,240 - ERROR - Error occured: <class 'jira.exceptions.JIRAError'>
2017-04-12 09:07:33,601 - ERROR - Error occured: <class 'jira.exceptions.JIRAError'>
2017-04-12 09:07:34,982 - ERROR - Error occured: <class 'jira.exceptions.JIRAError'>
2017-04-12 09:07:49,431 - INFO - Starting SE...
2017-04-12 09:08:49,142 - DEBUG - Fetched  574 issues successfully for SE
2017-04-12 09:08:49,249 - INFO - Successfully posted data to splunk for SE
2017-04-12 09:08:49,249 - DEBUG - Project SE results {'SE': 200, 'defects_require_fixing': '0'}
2017-04-12 09:08:49,249 - INFO - Took 59.81779599189758 seconds
2017-04-13 12:18:51,275 - INFO - Starting ETA...
2017-04-13 12:18:53,533 - DEBUG - Fetched  12 issues successfully for ETA
2017-04-13 12:18:53,545 - INFO - Successfully posted data to splunk for ETA
2017-04-13 12:18:53,545 - DEBUG - Project ETA results {'defects_require_fixing': '0', 'ETA': 200}
2017-04-13 12:18:53,546 - INFO - Took 2.27020001411438 seconds
2017-04-13 12:19:09,694 - INFO - Starting RBA...
2017-04-13 12:20:14,592 - INFO - Starting RackerTools...
2017-04-13 12:20:15,300 - ERROR - Error occured: <class 'jira.exceptions.JIRAError'>
2017-04-13 12:20:16,640 - ERROR - Error occured: <class 'jira.exceptions.JIRAError'>
2017-04-13 12:20:17,974 - ERROR - Error occured: <class 'jira.exceptions.JIRAError'>
2017-04-18 13:49:53,170 - INFO - Starting ETA...
2017-04-18 13:49:55,421 - DEBUG - Fetched  12 issues successfully for ETA
2017-04-18 13:49:55,436 - INFO - Successfully posted data to splunk for ETA
2017-04-18 13:49:55,436 - DEBUG - Project ETA results {'ETA': 200, 'defects_require_fixing': '0'}
2017-04-18 13:49:55,436 - INFO - Took 2.266417980194092 seconds
2017-04-18 13:50:38,009 - INFO - Starting ETA...
2017-04-18 13:50:40,144 - DEBUG - Fetched  12 issues successfully for ETA
2017-04-18 13:50:40,152 - INFO - Successfully posted data to splunk for ETA
2017-04-18 13:50:40,152 - DEBUG - Project ETA results {'ETA': 200, 'defects_require_fixing': '0'}
2017-04-18 13:50:40,152 - INFO - Took 2.143139123916626 seconds
2017-04-18 13:52:18,130 - INFO - Starting ETA...
2017-04-18 13:52:20,422 - DEBUG - Fetched  12 issues successfully for ETA
2017-04-18 13:52:20,433 - INFO - Successfully posted data to splunk for ETA
2017-04-18 13:52:20,433 - DEBUG - Project ETA results {'defects_require_fixing': '0', 'ETA': 200}
2017-04-18 13:52:20,433 - INFO - Took 2.3035480976104736 seconds
2017-04-19 11:16:46,108 - INFO - Starting ETA...
2017-04-19 11:16:48,531 - DEBUG - Fetched  12 issues successfully for ETA
2017-04-19 11:16:48,545 - INFO - Successfully posted data to splunk for ETA
2017-04-19 11:16:48,546 - DEBUG - Project ETA results {'ETA': 200, 'defects_require_fixing': '0'}
2017-04-19 11:16:48,546 - INFO - Took 2.4371178150177 seconds
2017-04-19 12:34:27,600 - INFO - Starting ETA...
2017-04-19 12:34:30,226 - DEBUG - Fetched  12 issues successfully for ETA
2017-04-19 12:34:30,239 - INFO - Successfully posted data to splunk for ETA
2017-04-19 12:34:30,239 - DEBUG - Project ETA results {'ETA': 200, 'defects_require_fixing': '0'}
2017-04-19 12:34:30,240 - INFO - Took 2.6389899253845215 seconds
2017-04-19 14:33:51,229 - INFO - Starting SE...
2017-04-19 14:35:52,833 - INFO - Starting SE...
2017-04-19 14:36:15,194 - INFO - Starting SE...
2017-04-19 14:37:54,862 - INFO - Starting SE...
2017-04-19 14:39:14,224 - DEBUG - Fetched  574 issues successfully for SE
2017-04-19 14:39:14,397 - INFO - Successfully posted data to splunk for SE
2017-04-19 14:39:14,441 - DEBUG - Project SE results [{'SE': 200, 'defects_require_fixing': '0'}]
2017-04-19 14:39:14,452 - INFO - Starting BPI...
2017-04-19 14:39:14,452 - INFO - Starting DCXOSLINUX...
2017-04-19 14:39:14,452 - INFO - Starting DCXOSWIN...
2017-04-19 14:39:14,452 - INFO - Starting DCXPS...
2017-04-19 14:39:14,452 - INFO - Starting DCXSERVICE...
2017-04-19 14:39:14,453 - INFO - Starting NWT...
2017-04-19 14:39:14,453 - INFO - Starting NSDCX...
2017-04-19 14:39:35,673 - INFO - Starting ETA...
2017-04-19 14:41:12,210 - INFO - Starting ETA...
2017-04-19 14:43:11,211 - INFO - Starting ETA...
2017-04-19 14:43:28,477 - INFO - Starting ETA...
2017-04-19 15:04:29,466 - INFO - Starting SE...
2017-04-19 15:05:46,979 - DEBUG - Fetched  574 issues successfully for SE
2017-04-19 15:05:47,134 - INFO - Successfully posted data to splunk for SE
2017-04-19 15:05:47,244 - DEBUG - Project Security results [{'SE': 200, 'defects_require_fixing': '0'}]
2017-04-19 15:05:47,245 - INFO - Current Mode run took 77.79058313369751 seconds
2017-04-21 10:52:15,902 - INFO - Starting ETA...
2017-04-21 10:52:18,317 - DEBUG - Fetched  12 issues successfully for ETA
2017-04-21 10:52:18,329 - INFO - Successfully posted data to splunk for ETA
2017-04-21 10:52:18,329 - DEBUG - Project ETA results {'defects_require_fixing': '0', 'ETA': 200}
2017-04-21 10:52:18,329 - INFO - Took 2.427238941192627 seconds
2017-04-21 10:54:18,464 - INFO - Starting ETA...
2017-04-21 10:54:20,778 - DEBUG - Fetched  12 issues successfully for ETA
2017-04-21 10:54:20,786 - INFO - Successfully posted data to splunk for ETA
2017-04-21 10:54:20,786 - DEBUG - Project ETA results {'defects_require_fixing': '0', 'ETA': 200}
2017-04-21 10:54:20,786 - INFO - Took 2.3217239379882812 seconds
2017-04-21 10:55:04,836 - INFO - Starting ETA...
2017-04-21 10:55:07,052 - DEBUG - Fetched  12 issues successfully for ETA
2017-04-21 10:55:07,061 - INFO - Successfully posted data to splunk for ETA
2017-04-21 10:55:07,061 - DEBUG - Project ETA results {'ETA': 200, 'defects_require_fixing': '0'}
2017-04-21 10:55:07,061 - INFO - Took 2.2251219749450684 seconds
2017-04-21 10:56:22,297 - INFO - Starting ETA...
2017-04-21 10:56:24,467 - DEBUG - Fetched  12 issues successfully for ETA
2017-04-21 10:56:24,475 - INFO - Successfully posted data to splunk for ETA
2017-04-21 10:56:24,475 - DEBUG - Project ETA results {'defects_require_fixing': '0', 'ETA': 200}
2017-04-21 10:56:24,475 - INFO - Took 2.1777079105377197 seconds
2017-04-21 10:56:30,558 - INFO - Starting SE...
2017-04-21 10:56:52,459 - INFO - Starting Security...
2017-04-21 10:56:53,146 - ERROR - Error occured: <class 'jira.exceptions.JIRAError'>
2017-04-21 10:56:54,444 - ERROR - Error occured: <class 'jira.exceptions.JIRAError'>
2017-04-21 10:56:55,698 - ERROR - Error occured: <class 'jira.exceptions.JIRAError'>
2017-04-21 10:57:04,687 - INFO - Starting SE...
2017-04-21 10:59:31,637 - INFO - Starting ETA...
2017-04-21 10:59:34,056 - DEBUG - Fetched  12 issues successfully for ETA
2017-04-21 10:59:34,064 - INFO - Successfully posted data to splunk for ETA
2017-04-21 10:59:34,064 - DEBUG - Project ETA results {'ETA': 200, 'defects_require_fixing': '0'}
2017-04-21 10:59:34,065 - INFO - Took 2.4273290634155273 seconds
2017-04-21 11:01:08,390 - INFO - Starting ETA...
2017-04-21 11:01:11,169 - DEBUG - Fetched  12 issues successfully for ETA
2017-04-21 11:01:11,177 - INFO - Successfully posted data to splunk for ETA
2017-04-21 11:01:11,177 - DEBUG - Project ETA results {'ETA': 200, 'defects_require_fixing': '0'}
2017-04-21 11:01:11,177 - INFO - Took 2.786686897277832 seconds
2017-04-21 11:03:09,552 - INFO - Starting SE...
2017-04-21 11:03:31,379 - INFO - Starting ETA...
2017-04-21 11:03:33,850 - DEBUG - Fetched  12 issues successfully for ETA
2017-04-21 11:03:33,859 - INFO - Successfully posted data to splunk for ETA
2017-04-21 11:03:33,859 - DEBUG - Project ETA results {'ETA': 200, 'defects_require_fixing': '0'}
2017-04-21 11:03:33,859 - INFO - Took 2.4797959327697754 seconds
2017-04-21 11:08:56,210 - INFO - Starting ETA...
2017-04-21 11:08:58,790 - DEBUG - Fetched  12 issues successfully for ETA
2017-04-21 11:08:58,798 - INFO - Successfully posted data to splunk for ETA
2017-04-21 11:08:58,798 - DEBUG - Project ETA results {'ETA': 200, 'defects_require_fixing': '0'}
2017-04-21 11:08:58,798 - INFO - Took 2.5879619121551514 seconds
2017-04-21 11:12:56,478 - INFO - Starting ETA...
2017-04-21 11:12:59,261 - DEBUG - Fetched  12 issues successfully for ETA
2017-04-21 11:12:59,268 - INFO - Successfully posted data to splunk for ETA
2017-04-21 11:12:59,268 - DEBUG - Project ETA results {'defects_require_fixing': '0', 'ETA': 200}
2017-04-21 11:12:59,269 - INFO - Took 2.7902681827545166 seconds
2017-04-21 11:14:43,513 - INFO - Starting ETA...
2017-04-21 11:14:45,972 - DEBUG - Fetched  12 issues successfully for ETA
2017-04-21 11:14:45,980 - INFO - Successfully posted data to splunk for ETA
2017-04-21 11:14:45,980 - DEBUG - Project ETA results {'defects_require_fixing': '0', 'ETA': 200}
2017-04-21 11:14:45,981 - INFO - Took 2.467146873474121 seconds
2017-04-21 11:15:59,994 - INFO - Starting ETA...
2017-04-21 11:16:02,539 - DEBUG - Fetched  12 issues successfully for ETA
2017-04-21 11:16:02,546 - INFO - Successfully posted data to splunk for ETA
2017-04-21 11:16:02,547 - DEBUG - Project ETA results {'defects_require_fixing': '0', 'ETA': 200}
2017-04-21 11:16:02,547 - INFO - Took 2.552985906600952 seconds
2017-05-02 14:03:34,651 - INFO - Starting ETA...
2017-05-02 18:55:52,565 - INFO - Starting Security...
2017-05-02 18:57:11,371 - INFO - Starting Security...
2017-05-02 19:00:50,136 - INFO - Starting Security...
2017-05-02 19:00:50,756 - ERROR - Error occured: <class 'jira.exceptions.JIRAError'>
2017-05-02 19:00:52,037 - ERROR - Error occured: <class 'jira.exceptions.JIRAError'>
2017-05-02 19:00:53,337 - ERROR - Error occured: <class 'jira.exceptions.JIRAError'>
2017-05-02 19:10:59,052 - INFO - Starting Security...
2017-05-02 19:10:59,700 - ERROR - Error occured: <class 'jira.exceptions.JIRAError'>
2017-05-02 19:11:01,037 - ERROR - Error occured: <class 'jira.exceptions.JIRAError'>
2017-05-02 19:11:02,313 - ERROR - Error occured: <class 'jira.exceptions.JIRAError'>
2017-05-02 19:11:38,947 - INFO - Starting SE...
2017-05-02 19:12:57,843 - DEBUG - Fetched  575 issues successfully for SE
2017-05-02 19:12:57,854 - DEBUG - Exception processing SE-1636 'NoneType' object has no attribute 'lower'
2017-05-02 19:12:57,854 - DEBUG - Missing values {'business_unit': 'Security', 'resolved': None, 'project_name': 'Security Engineering', 'normalized_resolution': 'Unresolved', 'priority': 'Normal', 'status': 'New', 'age': 35, 'root_cause': None, 'created': '2017-03-28T14:20:19.000+0000', 'reporter': 'Josh Gibbs', 'key': 'SE-1636', 'assignee': 'Josh Gibbs', 'severity': 'S3', 'get_severity_level': None, 'resolution': None, 'normalized_status': 'New', 'issue_type': 'Defect', 'when_discovered': None, 'summary': 'Outdated AngularJS', 'jira_project': 'SE', 'report_date': '2017-05-03T00:12:57.843468+0000'}
2017-05-02 19:12:57,866 - DEBUG - Exception processing SE-1307 'NoneType' object has no attribute 'lower'
2017-05-02 19:12:57,866 - DEBUG - Missing values {'business_unit': 'Security', 'resolved': None, 'project_name': 'Security Engineering', 'normalized_resolution': 'Unresolved', 'priority': 'Minor', 'status': 'New', 'age': 139, 'root_cause': None, 'created': '2016-12-14T16:41:29.000+0000', 'reporter': 'Noel Garcia', 'key': 'SE-1307', 'assignee': 'Noel Garcia', 'severity': 'S3', 'get_severity_level': None, 'resolution': None, 'normalized_status': 'New', 'issue_type': 'Defect', 'when_discovered': None, 'summary': 'Sfstash - SSH Weak MAC Algorithms Enabled', 'jira_project': 'SE', 'report_date': '2017-05-03T00:12:57.843468+0000'}
2017-05-02 19:12:57,867 - DEBUG - Exception processing SE-1307 'NoneType' object has no attribute 'lower'
2017-05-02 19:12:57,867 - DEBUG - Missing values {'business_unit': 'Security', 'resolved': None, 'project_name': 'Security Engineering', 'normalized_resolution': 'Unresolved', 'priority': 'Minor', 'status': 'New', 'age': 139, 'root_cause': None, 'created': '2016-12-14T16:41:29.000+0000', 'reporter': 'Noel Garcia', 'key': 'SE-1307', 'assignee': 'Noel Garcia', 'severity': 'S3', 'get_severity_level': None, 'resolution': None, 'normalized_status': 'New', 'issue_type': 'Defect', 'when_discovered': None, 'summary': 'Sfstash - SSH Weak MAC Algorithms Enabled', 'jira_project': 'SE', 'report_date': '2017-05-03T00:12:57.843468+0000'}
2017-05-02 19:12:57,879 - DEBUG - Exception processing SE-935 'NoneType' object has no attribute 'lower'
2017-05-02 19:12:57,880 - DEBUG - Missing values {'business_unit': 'Security', 'resolved': None, 'project_name': 'Security Engineering', 'normalized_resolution': 'Unresolved', 'priority': 'Normal', 'status': 'New', 'age': 197, 'root_cause': None, 'created': '2016-10-17T20:35:36.000+0000', 'reporter': 'Noel Garcia', 'key': 'SE-935', 'assignee': 'Noel Garcia', 'severity': 'S3', 'get_severity_level': None, 'resolution': None, 'normalized_status': 'New', 'issue_type': 'Defect', 'when_discovered': None, 'summary': 'SSL Certificate -Expired', 'jira_project': 'SE', 'report_date': '2017-05-03T00:12:57.843468+0000'}
2017-05-02 19:12:57,900 - DEBUG - 4 defects not added in the SE report
2017-05-02 19:12:58,005 - INFO - Successfully posted data to splunk for SE
2017-05-02 19:12:58,028 - DEBUG - Project Security results [{'SE': 200, 'defects_require_fixing': '4'}]
2017-05-02 19:12:58,029 - INFO - Current Mode run took 79.10706996917725 seconds
2017-05-02 19:27:53,132 - INFO - Starting SE...
2017-05-02 19:27:53,132 - INFO - Starting CTI...
2017-05-02 19:27:53,132 - INFO - Starting BPT...
2017-05-02 19:27:53,132 - INFO - Starting CORE...
2017-05-02 19:27:53,132 - INFO - Starting ECS...
2017-05-02 19:27:53,133 - INFO - Starting EOD...
2017-05-02 19:27:53,133 - INFO - Starting ETA...
2017-05-02 19:27:53,132 - INFO - Starting ECUI...
2017-05-02 19:27:53,133 - INFO - Starting ETUI...
2017-05-02 19:27:53,133 - INFO - Starting FRMW...
2017-05-02 19:27:53,139 - INFO - Starting ORGN...
2017-05-02 19:27:53,140 - INFO - Starting RNS...
2017-05-02 19:27:53,141 - INFO - Starting SS...
2017-05-02 19:27:53,143 - INFO - Starting TS...
2017-05-02 19:31:16,401 - INFO - Starting CORE...
2017-05-02 19:31:16,401 - INFO - Starting SE...
2017-05-02 19:31:16,401 - INFO - Starting ETA...
2017-05-02 19:31:33,543 - INFO - Starting ETA...
2017-05-02 19:31:56,407 - INFO - Starting SE...
2017-05-02 19:33:24,630 - DEBUG - Fetched  575 issues successfully for SE
2017-05-02 19:33:24,638 - DEBUG - Exception processing SE-1636 'NoneType' object has no attribute 'lower'
2017-05-02 19:33:24,638 - DEBUG - Missing values {'business_unit': 'Security', 'project_name': 'Security Engineering', 'normalized_resolution': 'Unresolved', 'created': '2017-03-28T14:20:19.000+0000', 'status': 'New', 'reporter': 'Josh Gibbs', 'assignee': 'Josh Gibbs', 'jira_project': 'SE', 'severity': 'S3', 'key': 'SE-1636', 'get_severity_level': None, 'priority': 'Normal', 'report_date': '2017-05-03T00:33:24.629894+0000', 'issue_type': 'Defect', 'resolved': None, 'normalized_status': 'New', 'resolution': None, 'root_cause': None, 'age': 35, 'when_discovered': None, 'summary': 'Outdated AngularJS'}
2017-05-02 19:33:24,650 - DEBUG - Exception processing SE-1307 'NoneType' object has no attribute 'lower'
2017-05-02 19:33:24,651 - DEBUG - Missing values {'business_unit': 'Security', 'project_name': 'Security Engineering', 'normalized_resolution': 'Unresolved', 'created': '2016-12-14T16:41:29.000+0000', 'status': 'New', 'reporter': 'Noel Garcia', 'assignee': 'Noel Garcia', 'jira_project': 'SE', 'severity': 'S3', 'key': 'SE-1307', 'get_severity_level': None, 'priority': 'Minor', 'report_date': '2017-05-03T00:33:24.629894+0000', 'issue_type': 'Defect', 'resolved': None, 'normalized_status': 'New', 'resolution': None, 'root_cause': None, 'age': 139, 'when_discovered': None, 'summary': 'Sfstash - SSH Weak MAC Algorithms Enabled'}
2017-05-02 19:33:24,651 - DEBUG - Exception processing SE-1307 'NoneType' object has no attribute 'lower'
2017-05-02 19:33:24,651 - DEBUG - Missing values {'business_unit': 'Security', 'project_name': 'Security Engineering', 'normalized_resolution': 'Unresolved', 'created': '2016-12-14T16:41:29.000+0000', 'status': 'New', 'reporter': 'Noel Garcia', 'assignee': 'Noel Garcia', 'jira_project': 'SE', 'severity': 'S3', 'key': 'SE-1307', 'get_severity_level': None, 'priority': 'Minor', 'report_date': '2017-05-03T00:33:24.629894+0000', 'issue_type': 'Defect', 'resolved': None, 'normalized_status': 'New', 'resolution': None, 'root_cause': None, 'age': 139, 'when_discovered': None, 'summary': 'Sfstash - SSH Weak MAC Algorithms Enabled'}
2017-05-02 19:33:24,664 - DEBUG - Exception processing SE-935 'NoneType' object has no attribute 'lower'
2017-05-02 19:33:24,664 - DEBUG - Missing values {'business_unit': 'Security', 'project_name': 'Security Engineering', 'normalized_resolution': 'Unresolved', 'created': '2016-10-17T20:35:36.000+0000', 'status': 'New', 'reporter': 'Noel Garcia', 'assignee': 'Noel Garcia', 'jira_project': 'SE', 'severity': 'S3', 'key': 'SE-935', 'get_severity_level': None, 'priority': 'Normal', 'report_date': '2017-05-03T00:33:24.629894+0000', 'issue_type': 'Defect', 'resolved': None, 'normalized_status': 'New', 'resolution': None, 'root_cause': None, 'age': 197, 'when_discovered': None, 'summary': 'SSL Certificate -Expired'}
2017-05-02 19:33:24,686 - DEBUG - 4 defects not added in the SE report
2017-05-02 19:33:24,804 - INFO - Successfully posted data to splunk for SE
2017-05-02 19:33:24,916 - DEBUG - Project Security results [{'SE': 200, 'defects_require_fixing': '4'}]
2017-05-02 19:33:24,917 - INFO - Current Mode run took 88.52115607261658 seconds
2017-05-02 21:10:29,715 - INFO - Starting SE...
2017-05-02 21:12:07,062 - DEBUG - Fetched  575 issues successfully for SE
2017-05-02 21:12:07,072 - DEBUG - Exception processing SE-1636 'NoneType' object has no attribute 'lower'
2017-05-02 21:12:07,072 - DEBUG - Missing values {'normalized_resolution': 'Unresolved', 'key': 'SE-1636', 'when_discovered': None, 'report_date': '2017-05-03T02:12:07.062334+0000', 'project_name': 'Security Engineering', 'severity': 'S3', 'get_severity_level': None, 'assignee': 'Josh Gibbs', 'issue_type': 'Defect', 'age': 35, 'business_unit': 'Security', 'status': 'New', 'resolution': None, 'reporter': 'Josh Gibbs', 'resolved': None, 'jira_project': 'SE', 'summary': 'Outdated AngularJS', 'normalized_status': 'New', 'root_cause': None, 'created': '2017-03-28T14:20:19.000+0000', 'priority': 'Normal'}
2017-05-02 21:12:07,085 - DEBUG - Exception processing SE-1307 'NoneType' object has no attribute 'lower'
2017-05-02 21:12:07,085 - DEBUG - Missing values {'normalized_resolution': 'Unresolved', 'key': 'SE-1307', 'when_discovered': None, 'report_date': '2017-05-03T02:12:07.062334+0000', 'project_name': 'Security Engineering', 'severity': 'S3', 'get_severity_level': None, 'assignee': 'Noel Garcia', 'issue_type': 'Defect', 'age': 139, 'business_unit': 'Security', 'status': 'New', 'resolution': None, 'reporter': 'Noel Garcia', 'resolved': None, 'jira_project': 'SE', 'summary': 'Sfstash - SSH Weak MAC Algorithms Enabled', 'normalized_status': 'New', 'root_cause': None, 'created': '2016-12-14T16:41:29.000+0000', 'priority': 'Minor'}
2017-05-02 21:12:07,085 - DEBUG - Exception processing SE-1307 'NoneType' object has no attribute 'lower'
2017-05-02 21:12:07,085 - DEBUG - Missing values {'normalized_resolution': 'Unresolved', 'key': 'SE-1307', 'when_discovered': None, 'report_date': '2017-05-03T02:12:07.062334+0000', 'project_name': 'Security Engineering', 'severity': 'S3', 'get_severity_level': None, 'assignee': 'Noel Garcia', 'issue_type': 'Defect', 'age': 139, 'business_unit': 'Security', 'status': 'New', 'resolution': None, 'reporter': 'Noel Garcia', 'resolved': None, 'jira_project': 'SE', 'summary': 'Sfstash - SSH Weak MAC Algorithms Enabled', 'normalized_status': 'New', 'root_cause': None, 'created': '2016-12-14T16:41:29.000+0000', 'priority': 'Minor'}
2017-05-02 21:12:07,098 - DEBUG - Exception processing SE-935 'NoneType' object has no attribute 'lower'
2017-05-02 21:12:07,098 - DEBUG - Missing values {'normalized_resolution': 'Unresolved', 'key': 'SE-935', 'when_discovered': None, 'report_date': '2017-05-03T02:12:07.062334+0000', 'project_name': 'Security Engineering', 'severity': 'S3', 'get_severity_level': None, 'assignee': 'Noel Garcia', 'issue_type': 'Defect', 'age': 197, 'business_unit': 'Security', 'status': 'New', 'resolution': None, 'reporter': 'Noel Garcia', 'resolved': None, 'jira_project': 'SE', 'summary': 'SSL Certificate -Expired', 'normalized_status': 'New', 'root_cause': None, 'created': '2016-10-17T20:35:36.000+0000', 'priority': 'Normal'}
2017-05-02 21:12:07,118 - DEBUG - 4 defects not added in the SE report
2017-05-02 21:12:07,226 - INFO - Successfully posted data to splunk for SE
2017-05-02 21:12:07,296 - DEBUG - Project Security results [{'defects_require_fixing': '4', 'SE': 200}]
2017-05-02 21:12:07,298 - INFO - Current Mode run took 97.60840010643005 seconds
2017-05-02 22:56:54,228 - INFO - Starting SE...
2017-05-02 22:58:27,863 - DEBUG - Fetched  575 issues successfully for SE
2017-05-02 22:58:28,035 - INFO - Successfully posted data to splunk for SE
2017-05-02 22:58:28,060 - DEBUG - Project Security results [{'SE': 200, 'defects_require_fixing': '0'}]
2017-05-02 22:58:28,061 - INFO - Current Mode run took 93.85155701637268 seconds
2017-05-02 23:05:27,082 - INFO - Starting SE...
2017-05-02 23:07:02,308 - DEBUG - Fetched  575 issues successfully for SE
2017-05-02 23:07:02,470 - INFO - Successfully posted data to splunk for SE
2017-05-02 23:07:02,507 - DEBUG - Project Security results [{'SE': 200, 'defects_require_fixing': '0'}]
2017-05-02 23:07:02,508 - INFO - Current Mode run took 95.44801092147827 seconds
2017-05-09 12:21:22,819 - INFO - Starting SE...
2017-05-09 12:22:10,611 - INFO - Starting security...
2017-05-09 12:22:11,337 - ERROR - Error occured: <class 'jira.exceptions.JIRAError'>
2017-05-09 12:22:12,713 - ERROR - Error occured: <class 'jira.exceptions.JIRAError'>
2017-05-09 12:22:14,074 - ERROR - Error occured: <class 'jira.exceptions.JIRAError'>
2017-05-09 12:22:29,731 - INFO - Starting Security...
2017-05-09 12:22:30,399 - ERROR - Error occured: <class 'jira.exceptions.JIRAError'>
2017-05-09 12:22:31,765 - ERROR - Error occured: <class 'jira.exceptions.JIRAError'>
2017-05-09 12:22:33,156 - ERROR - Error occured: <class 'jira.exceptions.JIRAError'>
2017-05-09 12:23:19,423 - INFO - Starting Security...
2017-05-09 12:23:20,082 - ERROR - Error occured: <class 'jira.exceptions.JIRAError'>
2017-05-09 12:23:21,467 - ERROR - Error occured: <class 'jira.exceptions.JIRAError'>
2017-05-09 12:23:22,870 - ERROR - Error occured: <class 'jira.exceptions.JIRAError'>
2017-05-09 12:24:10,255 - INFO - Starting Security...
2017-05-09 12:24:10,932 - ERROR - Error occured: <class 'jira.exceptions.JIRAError'>
2017-05-09 12:24:12,337 - ERROR - Error occured: <class 'jira.exceptions.JIRAError'>
2017-05-09 12:24:13,726 - ERROR - Error occured: <class 'jira.exceptions.JIRAError'>
2017-05-09 12:24:25,251 - INFO - Starting ETA...
2017-05-09 12:24:27,706 - DEBUG - Fetched  12 issues successfully for ETA
2017-05-09 12:24:27,720 - INFO - Successfully posted data to splunk for ETA
2017-05-09 12:24:27,721 - DEBUG - Project ETA results {'defects_require_fixing': '0', 'ETA': 200}
2017-05-09 12:24:27,721 - INFO - Took 2.4691858291625977 seconds
2017-05-10 11:28:50,740 - INFO - Starting ETA...
2017-05-10 11:28:53,129 - DEBUG - Fetched  12 issues successfully for ETA
2017-05-10 11:28:53,145 - INFO - Successfully posted data to splunk for ETA
2017-05-10 11:28:53,145 - DEBUG - Project ETA results {'defects_require_fixing': '0', 'ETA': 200}
2017-05-10 11:28:53,145 - INFO - Took 2.4049060344696045 seconds
2017-05-10 11:31:26,818 - INFO - Starting ETA...
2017-05-10 11:31:29,282 - DEBUG - Fetched  12 issues successfully for ETA
2017-05-10 11:31:29,291 - INFO - Successfully posted data to splunk for ETA
2017-05-10 11:31:29,291 - DEBUG - Project ETA results {'defects_require_fixing': '0', 'ETA': 200}
2017-05-10 11:31:29,291 - INFO - Took 2.473022937774658 seconds
2017-05-10 11:32:58,153 - INFO - Starting SE...
2017-05-10 11:34:24,506 - INFO - Starting SE...
2017-05-10 12:39:17,324 - INFO - Starting SE...
2017-05-10 12:40:42,920 - DEBUG - Fetched  581 issues successfully for SE
2017-05-10 12:40:43,189 - INFO - Successfully posted data to splunk for SE
2017-05-10 12:40:43,280 - DEBUG - Project Security results [{'SE': 200, 'defects_require_fixing': '0'}]
2017-05-10 12:40:43,281 - INFO - Current Mode run took 85.97183203697205 seconds
2017-05-10 12:47:26,237 - INFO - Starting ETA...
2017-05-10 12:47:27,189 - DEBUG - Fetched  0 issues successfully for ETA
2017-05-10 12:49:04,813 - INFO - Starting ETA...
2017-05-10 12:49:05,751 - DEBUG - Fetched  0 issues successfully for ETA
2017-05-10 12:50:15,116 - INFO - Starting SE...
2017-05-10 12:51:49,346 - INFO - Starting SE...
2017-05-10 12:53:10,342 - DEBUG - Fetched  581 issues successfully for SE
2017-05-10 12:54:52,613 - INFO - Starting SE...
2017-05-10 12:56:13,564 - DEBUG - Fetched  581 issues successfully for SE
2017-05-10 12:59:07,040 - INFO - Starting SE...
2017-05-10 13:00:29,531 - DEBUG - Fetched  581 issues successfully for SE
2017-05-10 13:04:02,718 - INFO - Starting SE...
2017-05-10 13:05:28,127 - DEBUG - Fetched  581 issues successfully for SE
2017-05-10 13:06:26,821 - INFO - Starting SE...
2017-05-10 13:09:10,167 - DEBUG - Fetched  582 issues successfully for SE
2017-05-10 13:18:36,590 - INFO - Starting SE...
2017-05-10 13:20:02,546 - DEBUG - Fetched  583 issues successfully for SE
2017-05-10 13:20:02,546 - DEBUG - Exception processing SE-1798 local variable 'project_name' referenced before assignment
2017-05-10 13:22:05,177 - INFO - Starting SE...
2017-05-10 13:23:30,650 - DEBUG - Fetched  583 issues successfully for SE
2017-05-10 13:24:42,300 - INFO - Starting SE...
2017-05-10 13:26:22,209 - DEBUG - Fetched  583 issues successfully for SE
2017-05-10 13:27:58,759 - INFO - Starting SE...
2017-05-10 13:29:23,236 - DEBUG - Fetched  583 issues successfully for SE
2017-05-10 13:30:07,375 - INFO - Starting SE...
2017-05-10 13:30:39,051 - INFO - Starting SE...
2017-05-10 13:31:25,544 - INFO - Starting SE...
2017-05-10 13:32:49,739 - DEBUG - Fetched  583 issues successfully for SE
2017-05-10 13:33:22,481 - INFO - Starting SE...
2017-05-10 13:34:45,889 - DEBUG - Fetched  583 issues successfully for SE
2017-05-10 13:38:05,661 - INFO - Starting SE...
2017-05-10 13:39:33,677 - DEBUG - Fetched  583 issues successfully for SE
2017-05-10 13:39:33,937 - INFO - Successfully posted data to splunk for SE
2017-05-10 13:39:34,050 - DEBUG - Project Security results [{'SE': 200, 'defects_require_fixing': '0'}]
2017-05-10 13:39:34,051 - INFO - Current Mode run took 88.40364694595337 seconds
2017-05-10 13:52:53,008 - INFO - Starting SE...
2017-05-10 13:54:18,042 - DEBUG - Fetched  583 issues successfully for SE
2017-05-10 13:54:18,421 - INFO - Successfully posted data to splunk for SE
2017-05-10 13:54:18,479 - DEBUG - Project Security results [{'SE': 200, 'defects_require_fixing': '0'}]
2017-05-10 13:54:18,479 - INFO - Current Mode run took 85.48661494255066 seconds
